#
# There is insufficient memory for the Java Runtime Environment to continue.
# Native memory allocation (malloc) failed to allocate 580016 bytes for Chunk::new
# Possible reasons:
#   The system is out of physical RAM or swap space
#   The process is running with CompressedOops enabled, and the Java Heap may be blocking the growth of the native heap
# Possible solutions:
#   Reduce memory load on the system
#   Increase physical memory or swap space
#   Check if swap backing store is full
#   Decrease Java heap size (-Xmx/-Xms)
#   Decrease number of Java threads
#   Decrease Java thread stack sizes (-Xss)
#   Set larger code cache with -XX:ReservedCodeCacheSize=
#   JVM is running with Unscaled Compressed Oops mode in which the Java heap is
#     placed in the first 4GB address space. The Java Heap base address is the
#     maximum limit for the native heap growth. Please use -XX:HeapBaseMinAddress
#     to set the Java Heap base and to place the Java Heap above 4GB virtual address.
# This output file may be truncated or incomplete.
#
#  Out of Memory Error (allocation.cpp:389), pid=4024, tid=0x00000000000037d0
#
# JRE version: OpenJDK Runtime Environment (8.0_252-b09) (build 1.8.0_252-b09)
# Java VM: OpenJDK 64-Bit Server VM (25.252-b09 mixed mode windows-amd64 compressed oops)
# Failed to write core dump. Minidumps are not enabled by default on client versions of Windows
#

---------------  T H R E A D  ---------------

Current thread (0x0000000018527800):  JavaThread "C2 CompilerThread1" daemon [_thread_in_native, id=14288, stack(0x0000000018ef0000,0x0000000018ff0000)]

Stack: [0x0000000018ef0000,0x0000000018ff0000]
[error occurred during error reporting (printing stack bounds), id 0xc0000005]

Native frames: (J=compiled Java code, j=interpreted, Vv=VM code, C=native code)


Current CompileTask:
C2:   7734 6951       4       java.lang.invoke.InnerClassLambdaMetafactory$ForwardingMethodGenerator::generate (176 bytes)


---------------  P R O C E S S  ---------------

Java Threads: ( => current thread )
  0x000000001eeca800 JavaThread "scala-execution-context-global-24" daemon [_thread_blocked, id=16600, stack(0x0000000023dc0000,0x0000000023ec0000)]
  0x000000001e540800 JavaThread "scala-execution-context-global-23" daemon [_thread_blocked, id=2512, stack(0x0000000023cc0000,0x0000000023dc0000)]
  0x000000001ff47800 JavaThread "scala-execution-context-global-22" daemon [_thread_blocked, id=6376, stack(0x0000000023bc0000,0x0000000023cc0000)]
  0x000000001a4b9800 JavaThread "scala-execution-context-global-21" daemon [_thread_blocked, id=3388, stack(0x0000000023ac0000,0x0000000023bc0000)]
  0x0000000020398000 JavaThread "scala-execution-context-global-20" daemon [_thread_blocked, id=8544, stack(0x00000000239c0000,0x0000000023ac0000)]
  0x000000001affb800 JavaThread "scala-execution-context-global-19" daemon [_thread_blocked, id=12700, stack(0x00000000219d0000,0x0000000021ad0000)]
  0x000000001b44f000 JavaThread "scala-execution-context-global-18" daemon [_thread_blocked, id=15272, stack(0x0000000020d70000,0x0000000020e70000)]
  0x00000000228f7800 JavaThread "scala-execution-context-global-17" daemon [_thread_blocked, id=8140, stack(0x000000001fc50000,0x000000001fd50000)]
  0x000000001bb70800 JavaThread "classloader-cache-cleanup-0" daemon [_thread_blocked, id=9116, stack(0x0000000019f30000,0x000000001a030000)]
  0x00000000185a6000 JavaThread "Service Thread" daemon [_thread_blocked, id=9696, stack(0x00000000191f0000,0x00000000192f0000)]
  0x0000000018536000 JavaThread "C1 CompilerThread3" daemon [_thread_blocked, id=8108, stack(0x00000000190f0000,0x00000000191f0000)]
  0x000000001853a000 JavaThread "C2 CompilerThread2" daemon [_thread_in_native, id=3096, stack(0x0000000018ff0000,0x00000000190f0000)]
=>0x0000000018527800 JavaThread "C2 CompilerThread1" daemon [_thread_in_native, id=14288, stack(0x0000000018ef0000,0x0000000018ff0000)]
  0x0000000018521800 JavaThread "C2 CompilerThread0" daemon [_thread_blocked, id=17784, stack(0x0000000018df0000,0x0000000018ef0000)]
  0x0000000018520800 JavaThread "Attach Listener" daemon [_thread_blocked, id=9224, stack(0x0000000018cf0000,0x0000000018df0000)]
  0x000000001851f000 JavaThread "Signal Dispatcher" daemon [_thread_blocked, id=17788, stack(0x0000000018bf0000,0x0000000018cf0000)]
  0x0000000018511800 JavaThread "Finalizer" daemon [_thread_blocked, id=9980, stack(0x00000000189f0000,0x0000000018af0000)]
  0x0000000018510800 JavaThread "Reference Handler" daemon [_thread_blocked, id=3408, stack(0x00000000188f0000,0x00000000189f0000)]
  0x0000000002872800 JavaThread "main" [_thread_in_vm, id=17664, stack(0x0000000002690000,0x0000000002790000)]

Other Threads:
  0x0000000016728000 VMThread [stack: 0x00000000183f0000,0x00000000184f0000] [id=17320]
  0x00000000185a6800 WatcherThread [stack: 0x00000000192f0000,0x00000000193f0000] [id=14604]

VM state:not at safepoint (normal execution)

VM Mutex/Monitor currently owned by a thread: None

heap address: 0x00000000a0000000, size: 1536 MB, Compressed Oops mode: 32-bit
Narrow klass base: 0x0000000000000000, Narrow klass shift: 3
Compressed class space size: 1073741824 Address: 0x0000000100000000

Heap:
 PSYoungGen      total 126976K, used 77304K [0x00000000e0000000, 0x00000000ea800000, 0x0000000100000000)
  eden space 109056K, 59% used [0x00000000e0000000,0x00000000e3f344f8,0x00000000e6a80000)
  from space 17920K, 70% used [0x00000000e6a80000,0x00000000e76c9b88,0x00000000e7c00000)
  to   space 17920K, 0% used [0x00000000e9680000,0x00000000e9680000,0x00000000ea800000)
 ParOldGen       total 193536K, used 30975K [0x00000000a0000000, 0x00000000abd00000, 0x00000000e0000000)
  object space 193536K, 16% used [0x00000000a0000000,0x00000000a1e3fc38,0x00000000abd00000)
 Metaspace       used 73767K, capacity 83792K, committed 84116K, reserved 1122304K
  class space    used 10495K, capacity 11109K, committed 11196K, reserved 1048576K

Card table byte_map: [0x0000000011d30000,0x0000000012040000] byte_map_base: 0x0000000011830000

Marking Bits: (ParMarkBitMap*) 0x000000005ee650b0
 Begin Bits: [0x0000000012a40000, 0x0000000014240000)
 End Bits:   [0x0000000014240000, 0x0000000015a40000)

Polling page: 0x0000000000c80000

CodeCache: size=245760Kb used=17039Kb max_used=17039Kb free=228720Kb
 bounds [0x0000000002970000, 0x0000000003a30000, 0x0000000011970000]
 total_blobs=6950 nmethods=6263 adapters=598
 compilation: enabled

Compilation events (10 events):
Event: 7.680 Thread 0x0000000018536000 7020       3       org.apache.logging.log4j.Level::equals (18 bytes)
Event: 7.680 Thread 0x0000000018536000 nmethod 7020 0x0000000003a1bc90 code [0x0000000003a1be00, 0x0000000003a1c0d0]
Event: 7.691 Thread 0x0000000018536000 7021       3       sbt.io.Path$$$Lambda$25/1210152102::apply (8 bytes)
Event: 7.691 Thread 0x0000000018536000 nmethod 7021 0x0000000003a1b5d0 code [0x0000000003a1b760, 0x0000000003a1bb28]
Event: 7.691 Thread 0x0000000018536000 7022       3       sbt.io.Path$::$anonfun$makeString$1 (5 bytes)
Event: 7.691 Thread 0x0000000018521800 7024       4       java.nio.charset.CoderResult::isUnderflow (13 bytes)
Event: 7.692 Thread 0x0000000018536000 nmethod 7022 0x0000000003a1b110 code [0x0000000003a1b280, 0x0000000003a1b4e8]
Event: 7.692 Thread 0x0000000018536000 7023       3       sbt.io.Path$$$Lambda$26/218081168::apply (12 bytes)
Event: 7.692 Thread 0x0000000018521800 nmethod 7024 0x00000000039f1a90 code [0x00000000039f1bc0, 0x00000000039f1c38]
Event: 7.692 Thread 0x0000000018536000 nmethod 7023 0x0000000003a1cc50 code [0x0000000003a1ce00, 0x0000000003a1d568]

GC Heap History (10 events):
Event: 2.444 GC heap before
{Heap before GC invocations=6 (full 2):
 PSYoungGen      total 88064K, used 7656K [0x00000000e0000000, 0x00000000e5f00000, 0x0000000100000000)
  eden space 80384K, 0% used [0x00000000e0000000,0x00000000e0000000,0x00000000e4e80000)
  from space 7680K, 99% used [0x00000000e5600000,0x00000000e5d7a240,0x00000000e5d80000)
  to   space 7680K, 0% used [0x00000000e4e80000,0x00000000e4e80000,0x00000000e5600000)
 ParOldGen       total 74752K, used 17362K [0x00000000a0000000, 0x00000000a4900000, 0x00000000e0000000)
  object space 74752K, 23% used [0x00000000a0000000,0x00000000a10f4a70,0x00000000a4900000)
 Metaspace       used 33852K, capacity 35379K, committed 35416K, reserved 1079296K
  class space    used 4720K, capacity 4962K, committed 4992K, reserved 1048576K
Event: 2.494 GC heap after
Heap after GC invocations=6 (full 2):
 PSYoungGen      total 88064K, used 0K [0x00000000e0000000, 0x00000000e5f00000, 0x0000000100000000)
  eden space 80384K, 0% used [0x00000000e0000000,0x00000000e0000000,0x00000000e4e80000)
  from space 7680K, 0% used [0x00000000e5600000,0x00000000e5600000,0x00000000e5d80000)
  to   space 7680K, 0% used [0x00000000e4e80000,0x00000000e4e80000,0x00000000e5600000)
 ParOldGen       total 138752K, used 21764K [0x00000000a0000000, 0x00000000a8780000, 0x00000000e0000000)
  object space 138752K, 15% used [0x00000000a0000000,0x00000000a15411c0,0x00000000a8780000)
 Metaspace       used 33852K, capacity 35379K, committed 35416K, reserved 1079296K
  class space    used 4720K, capacity 4962K, committed 4992K, reserved 1048576K
}
Event: 3.533 GC heap before
{Heap before GC invocations=7 (full 2):
 PSYoungGen      total 88064K, used 80384K [0x00000000e0000000, 0x00000000e5f00000, 0x0000000100000000)
  eden space 80384K, 100% used [0x00000000e0000000,0x00000000e4e80000,0x00000000e4e80000)
  from space 7680K, 0% used [0x00000000e5600000,0x00000000e5600000,0x00000000e5d80000)
  to   space 7680K, 0% used [0x00000000e4e80000,0x00000000e4e80000,0x00000000e5600000)
 ParOldGen       total 138752K, used 21764K [0x00000000a0000000, 0x00000000a8780000, 0x00000000e0000000)
  object space 138752K, 15% used [0x00000000a0000000,0x00000000a15411c0,0x00000000a8780000)
 Metaspace       used 46267K, capacity 48949K, committed 49112K, reserved 1091584K
  class space    used 6122K, capacity 6394K, committed 6400K, reserved 1048576K
Event: 3.541 GC heap after
Heap after GC invocations=7 (full 2):
 PSYoungGen      total 88064K, used 7670K [0x00000000e0000000, 0x00000000e9000000, 0x0000000100000000)
  eden space 80384K, 0% used [0x00000000e0000000,0x00000000e0000000,0x00000000e4e80000)
  from space 7680K, 99% used [0x00000000e4e80000,0x00000000e55fd950,0x00000000e5600000)
  to   space 18944K, 0% used [0x00000000e7d80000,0x00000000e7d80000,0x00000000e9000000)
 ParOldGen       total 138752K, used 26315K [0x00000000a0000000, 0x00000000a8780000, 0x00000000e0000000)
  object space 138752K, 18% used [0x00000000a0000000,0x00000000a19b2c80,0x00000000a8780000)
 Metaspace       used 46267K, capacity 48949K, committed 49112K, reserved 1091584K
  class space    used 6122K, capacity 6394K, committed 6400K, reserved 1048576K
}
Event: 4.505 GC heap before
{Heap before GC invocations=8 (full 2):
 PSYoungGen      total 88064K, used 77830K [0x00000000e0000000, 0x00000000e9000000, 0x0000000100000000)
  eden space 80384K, 87% used [0x00000000e0000000,0x00000000e44841e0,0x00000000e4e80000)
  from space 7680K, 99% used [0x00000000e4e80000,0x00000000e55fd950,0x00000000e5600000)
  to   space 18944K, 0% used [0x00000000e7d80000,0x00000000e7d80000,0x00000000e9000000)
 ParOldGen       total 138752K, used 26315K [0x00000000a0000000, 0x00000000a8780000, 0x00000000e0000000)
  object space 138752K, 18% used [0x00000000a0000000,0x00000000a19b2c80,0x00000000a8780000)
 Metaspace       used 54707K, capacity 58952K, committed 59028K, reserved 1101824K
  class space    used 7211K, capacity 7584K, committed 7612K, reserved 1048576K
Event: 4.520 GC heap after
Heap after GC invocations=8 (full 2):
 PSYoungGen      total 125440K, used 11488K [0x00000000e0000000, 0x00000000e8d80000, 0x0000000100000000)
  eden space 109056K, 0% used [0x00000000e0000000,0x00000000e0000000,0x00000000e6a80000)
  from space 16384K, 70% used [0x00000000e7d80000,0x00000000e88b8080,0x00000000e8d80000)
  to   space 17920K, 0% used [0x00000000e6a80000,0x00000000e6a80000,0x00000000e7c00000)
 ParOldGen       total 138752K, used 26323K [0x00000000a0000000, 0x00000000a8780000, 0x00000000e0000000)
  object space 138752K, 18% used [0x00000000a0000000,0x00000000a19b4c80,0x00000000a8780000)
 Metaspace       used 54707K, capacity 58952K, committed 59028K, reserved 1101824K
  class space    used 7211K, capacity 7584K, committed 7612K, reserved 1048576K
}
Event: 4.520 GC heap before
{Heap before GC invocations=9 (full 3):
 PSYoungGen      total 125440K, used 11488K [0x00000000e0000000, 0x00000000e8d80000, 0x0000000100000000)
  eden space 109056K, 0% used [0x00000000e0000000,0x00000000e0000000,0x00000000e6a80000)
  from space 16384K, 70% used [0x00000000e7d80000,0x00000000e88b8080,0x00000000e8d80000)
  to   space 17920K, 0% used [0x00000000e6a80000,0x00000000e6a80000,0x00000000e7c00000)
 ParOldGen       total 138752K, used 26323K [0x00000000a0000000, 0x00000000a8780000, 0x00000000e0000000)
  object space 138752K, 18% used [0x00000000a0000000,0x00000000a19b4c80,0x00000000a8780000)
 Metaspace       used 54707K, capacity 58952K, committed 59028K, reserved 1101824K
  class space    used 7211K, capacity 7584K, committed 7612K, reserved 1048576K
Event: 4.666 GC heap after
Heap after GC invocations=9 (full 3):
 PSYoungGen      total 125440K, used 0K [0x00000000e0000000, 0x00000000e8d80000, 0x0000000100000000)
  eden space 109056K, 0% used [0x00000000e0000000,0x00000000e0000000,0x00000000e6a80000)
  from space 16384K, 0% used [0x00000000e7d80000,0x00000000e7d80000,0x00000000e8d80000)
  to   space 17920K, 0% used [0x00000000e6a80000,0x00000000e6a80000,0x00000000e7c00000)
 ParOldGen       total 193536K, used 30967K [0x00000000a0000000, 0x00000000abd00000, 0x00000000e0000000)
  object space 193536K, 16% used [0x00000000a0000000,0x00000000a1e3dc38,0x00000000abd00000)
 Metaspace       used 54707K, capacity 58952K, committed 59028K, reserved 1101824K
  class space    used 7211K, capacity 7584K, committed 7612K, reserved 1048576K
}
Event: 6.757 GC heap before
{Heap before GC invocations=10 (full 3):
 PSYoungGen      total 125440K, used 109056K [0x00000000e0000000, 0x00000000e8d80000, 0x0000000100000000)
  eden space 109056K, 100% used [0x00000000e0000000,0x00000000e6a80000,0x00000000e6a80000)
  from space 16384K, 0% used [0x00000000e7d80000,0x00000000e7d80000,0x00000000e8d80000)
  to   space 17920K, 0% used [0x00000000e6a80000,0x00000000e6a80000,0x00000000e7c00000)
 ParOldGen       total 193536K, used 30967K [0x00000000a0000000, 0x00000000abd00000, 0x00000000e0000000)
  object space 193536K, 16% used [0x00000000a0000000,0x00000000a1e3dc38,0x00000000abd00000)
 Metaspace       used 66947K, capacity 75904K, committed 76180K, reserved 1116160K
  class space    used 9525K, capacity 10073K, committed 10172K, reserved 1048576K
Event: 6.770 GC heap after
Heap after GC invocations=10 (full 3):
 PSYoungGen      total 126976K, used 12582K [0x00000000e0000000, 0x00000000ea800000, 0x0000000100000000)
  eden space 109056K, 0% used [0x00000000e0000000,0x00000000e0000000,0x00000000e6a80000)
  from space 17920K, 70% used [0x00000000e6a80000,0x00000000e76c9b88,0x00000000e7c00000)
  to   space 17920K, 0% used [0x00000000e9680000,0x00000000e9680000,0x00000000ea800000)
 ParOldGen       total 193536K, used 30975K [0x00000000a0000000, 0x00000000abd00000, 0x00000000e0000000)
  object space 193536K, 16% used [0x00000000a0000000,0x00000000a1e3fc38,0x00000000abd00000)
 Metaspace       used 66947K, capacity 75904K, committed 76180K, reserved 1116160K
  class space    used 9525K, capacity 10073K, committed 10172K, reserved 1048576K
}

Deoptimization events (10 events):
Event: 7.603 Thread 0x0000000002872800 Uncommon trap: reason=unstable_if action=reinterpret pc=0x00000000038f9f5c method=sjsonnew.support.scalajson.unsafe.JsonPrinter.firstToBeEncoded$1(ILjava/lang/String;)I @ 23
Event: 7.603 Thread 0x0000000002872800 Uncommon trap: reason=unstable_if action=reinterpret pc=0x00000000038c9934 method=sjsonnew.support.scalajson.unsafe.JsonPrinter.firstToBeEncoded$1(ILjava/lang/String;)I @ 23
Event: 7.603 Thread 0x0000000002872800 Uncommon trap: reason=unstable_if action=reinterpret pc=0x00000000038f27fc method=sjsonnew.support.scalajson.unsafe.JsonPrinter.firstToBeEncoded$1(ILjava/lang/String;)I @ 23
Event: 7.603 Thread 0x0000000002872800 Uncommon trap: reason=unstable_if action=reinterpret pc=0x00000000038997e4 method=sjsonnew.support.scalajson.unsafe.JsonPrinter.firstToBeEncoded$1(ILjava/lang/String;)I @ 23
Event: 7.640 Thread 0x0000000002872800 Uncommon trap: reason=class_check action=maybe_recompile pc=0x00000000039742fc method=java.security.DigestInputStream.read([BII)I @ 7
Event: 7.640 Thread 0x0000000002872800 Uncommon trap: reason=class_check action=maybe_recompile pc=0x00000000039742fc method=java.security.DigestInputStream.read([BII)I @ 7
Event: 7.643 Thread 0x0000000002872800 Uncommon trap: reason=class_check action=maybe_recompile pc=0x00000000039742fc method=java.security.DigestInputStream.read([BII)I @ 7
Event: 7.643 Thread 0x0000000002872800 Uncommon trap: reason=class_check action=maybe_recompile pc=0x00000000039742fc method=java.security.DigestInputStream.read([BII)I @ 7
Event: 7.651 Thread 0x0000000002872800 Uncommon trap: reason=unstable_if action=reinterpret pc=0x00000000037f8fd8 method=java.net.URI.hashCode()I @ 4
Event: 7.651 Thread 0x0000000002872800 Uncommon trap: reason=unstable_if action=reinterpret pc=0x000000000378ee18 method=java.net.URI.equals(Ljava/lang/Object;)Z @ 2

Classes redefined (0 events):
No events

Internal exceptions (10 events):
Event: 7.610 Thread 0x0000000002872800 Exception <a 'sun/nio/fs/WindowsException'> (0x00000000e0ed7248) thrown at [C:\ws\UTv\Corretto8Src\installers\windows\zip\corretto-build\buildRoot\src\hotspot\src\share\vm\prims\jni.cpp, line 710]
Event: 7.612 Thread 0x0000000002872800 Exception <a 'sun/nio/fs/WindowsException'> (0x00000000e0ee3458) thrown at [C:\ws\UTv\Corretto8Src\installers\windows\zip\corretto-build\buildRoot\src\hotspot\src\share\vm\prims\jni.cpp, line 710]
Event: 7.612 Thread 0x0000000002872800 Exception <a 'sun/nio/fs/WindowsException'> (0x00000000e0ee46c8) thrown at [C:\ws\UTv\Corretto8Src\installers\windows\zip\corretto-build\buildRoot\src\hotspot\src\share\vm\prims\jni.cpp, line 710]
Event: 7.618 Thread 0x0000000002872800 Exception <a 'sun/nio/fs/WindowsException'> (0x00000000e0f1ba50) thrown at [C:\ws\UTv\Corretto8Src\installers\windows\zip\corretto-build\buildRoot\src\hotspot\src\share\vm\prims\jni.cpp, line 710]
Event: 7.618 Thread 0x0000000002872800 Exception <a 'sun/nio/fs/WindowsException'> (0x00000000e0f1ccc0) thrown at [C:\ws\UTv\Corretto8Src\installers\windows\zip\corretto-build\buildRoot\src\hotspot\src\share\vm\prims\jni.cpp, line 710]
Event: 7.637 Thread 0x0000000002872800 Exception <a 'java/lang/NoSuchMethodError': java.lang.Object.$anonfun$transform$3(Lscala/Function1;Lsbt/Task;)Lsbt/Task;> (0x00000000e34033b0) thrown at [C:\ws\UTv\Corretto8Src\installers\windows\zip\corretto-build\buildRoot\src\hotspot\src\share\vm\inter
Event: 7.652 Thread 0x0000000002872800 Exception <a 'java/security/PrivilegedActionException'> (0x00000000e34aef90) thrown at [C:\ws\UTv\Corretto8Src\installers\windows\zip\corretto-build\buildRoot\src\hotspot\src\share\vm\prims\jvm.cpp, line 1501]
Event: 7.652 Thread 0x0000000002872800 Exception <a 'java/security/PrivilegedActionException'> (0x00000000e34af758) thrown at [C:\ws\UTv\Corretto8Src\installers\windows\zip\corretto-build\buildRoot\src\hotspot\src\share\vm\prims\jvm.cpp, line 1501]
Event: 7.691 Thread 0x0000000002872800 Exception <a 'sun/nio/fs/WindowsException'> (0x00000000e3c80048) thrown at [C:\ws\UTv\Corretto8Src\installers\windows\zip\corretto-build\buildRoot\src\hotspot\src\share\vm\prims\jni.cpp, line 710]
Event: 7.692 Thread 0x0000000002872800 Exception <a 'sun/nio/fs/WindowsException'> (0x00000000e3c901f0) thrown at [C:\ws\UTv\Corretto8Src\installers\windows\zip\corretto-build\buildRoot\src\hotspot\src\share\vm\prims\jni.cpp, line 710]

Events (10 events):
Event: 7.690 loading class scala/tools/nsc/Settings
Event: 7.690 loading class scala/tools/nsc/Settings done
Event: 7.690 loading class scala/tools/nsc/Settings
Event: 7.690 loading class scala/tools/nsc/Settings done
Event: 7.690 loading class scala/Function1
Event: 7.690 loading class scala/Function1 done
Event: 7.690 loading class scala/Function1
Event: 7.690 loading class scala/Function1 done
Event: 7.692 loading class scala/Function1
Event: 7.692 loading class scala/Function1 done


Dynamic libraries:
0x00007ff7fc2f0000 - 0x00007ff7fc325000 	C:\Users\franc\.jdks\corretto-1.8.0_252\bin\java.exe
0x00007fffdb0a0000 - 0x00007fffdb290000 	C:\WINDOWS\SYSTEM32\ntdll.dll
0x00007fffd9fe0000 - 0x00007fffda092000 	C:\WINDOWS\System32\KERNEL32.DLL
0x00007fffd80b0000 - 0x00007fffd8354000 	C:\WINDOWS\System32\KERNELBASE.dll
0x00007fffd99b0000 - 0x00007fffd9a53000 	C:\WINDOWS\System32\ADVAPI32.dll
0x00007fffdac70000 - 0x00007fffdad0e000 	C:\WINDOWS\System32\msvcrt.dll
0x00007fffda120000 - 0x00007fffda1b7000 	C:\WINDOWS\System32\sechost.dll
0x00007fffd9ba0000 - 0x00007fffd9cc0000 	C:\WINDOWS\System32\RPCRT4.dll
0x00007fffdad10000 - 0x00007fffdaea4000 	C:\WINDOWS\System32\USER32.dll
0x00007fffd8de0000 - 0x00007fffd8e01000 	C:\WINDOWS\System32\win32u.dll
0x00007fffd9fb0000 - 0x00007fffd9fd6000 	C:\WINDOWS\System32\GDI32.dll
0x00007fffd8fb0000 - 0x00007fffd9145000 	C:\WINDOWS\System32\gdi32full.dll
0x00007fffd8e10000 - 0x00007fffd8eae000 	C:\WINDOWS\System32\msvcp_win.dll
0x00007fffd8eb0000 - 0x00007fffd8faa000 	C:\WINDOWS\System32\ucrtbase.dll
0x00007fffba3a0000 - 0x00007fffba624000 	C:\WINDOWS\WinSxS\amd64_microsoft.windows.common-controls_6595b64144ccf1df_6.0.18362.900_none_e6beb9d913147d17\COMCTL32.dll
0x00007fffd9190000 - 0x00007fffd94c5000 	C:\WINDOWS\System32\combase.dll
0x00007fffd8030000 - 0x00007fffd80b0000 	C:\WINDOWS\System32\bcryptPrimitives.dll
0x00007fffd9160000 - 0x00007fffd918e000 	C:\WINDOWS\System32\IMM32.DLL
0x000000005f5c0000 - 0x000000005f692000 	C:\Users\franc\.jdks\corretto-1.8.0_252\jre\bin\msvcr100.dll
0x000000005e690000 - 0x000000005eee1000 	C:\Users\franc\.jdks\corretto-1.8.0_252\jre\bin\server\jvm.dll
0x00007fffd9cc0000 - 0x00007fffd9cc8000 	C:\WINDOWS\System32\PSAPI.DLL
0x00007fffb9160000 - 0x00007fffb9169000 	C:\WINDOWS\SYSTEM32\WSOCK32.dll
0x00007fffc56e0000 - 0x00007fffc56ea000 	C:\WINDOWS\SYSTEM32\VERSION.dll
0x00007fffd00c0000 - 0x00007fffd00e4000 	C:\WINDOWS\SYSTEM32\WINMM.dll
0x00007fffd9f20000 - 0x00007fffd9f8f000 	C:\WINDOWS\System32\WS2_32.dll
0x00007fffd0060000 - 0x00007fffd008d000 	C:\WINDOWS\SYSTEM32\winmmbase.dll
0x00007fffd8d90000 - 0x00007fffd8dda000 	C:\WINDOWS\System32\cfgmgr32.dll
0x00007fffd0670000 - 0x00007fffd067f000 	C:\Users\franc\.jdks\corretto-1.8.0_252\jre\bin\verify.dll
0x00007fffba900000 - 0x00007fffba929000 	C:\Users\franc\.jdks\corretto-1.8.0_252\jre\bin\java.dll
0x00007fffba8b0000 - 0x00007fffba8c6000 	C:\Users\franc\.jdks\corretto-1.8.0_252\jre\bin\zip.dll
0x00007fffda380000 - 0x00007fffdaa66000 	C:\WINDOWS\System32\SHELL32.dll
0x00007fffd9e70000 - 0x00007fffd9f19000 	C:\WINDOWS\System32\shcore.dll
0x00007fffd8360000 - 0x00007fffd8ae0000 	C:\WINDOWS\System32\windows.storage.dll
0x00007fffd7fe0000 - 0x00007fffd8003000 	C:\WINDOWS\System32\profapi.dll
0x00007fffd7f90000 - 0x00007fffd7fda000 	C:\WINDOWS\System32\powrprof.dll
0x00007fffd7f60000 - 0x00007fffd7f70000 	C:\WINDOWS\System32\UMPDC.dll
0x00007fffdac10000 - 0x00007fffdac62000 	C:\WINDOWS\System32\shlwapi.dll
0x00007fffd8010000 - 0x00007fffd8021000 	C:\WINDOWS\System32\kernel.appcore.dll
0x00007fffd8d70000 - 0x00007fffd8d87000 	C:\WINDOWS\System32\cryptsp.dll
0x00007fffae300000 - 0x00007fffae31a000 	C:\Users\franc\.jdks\corretto-1.8.0_252\jre\bin\net.dll
0x00007fffd77d0000 - 0x00007fffd7837000 	C:\WINDOWS\system32\mswsock.dll
0x00007fff9d640000 - 0x00007fff9d652000 	C:\Users\franc\.jdks\corretto-1.8.0_252\jre\bin\nio.dll
0x00007fffd7340000 - 0x00007fffd7373000 	C:\WINDOWS\system32\rsaenh.dll
0x00007fffd8d40000 - 0x00007fffd8d66000 	C:\WINDOWS\System32\bcrypt.dll
0x00007fffd7e80000 - 0x00007fffd7ea5000 	C:\WINDOWS\SYSTEM32\USERENV.dll
0x00007fffd79a0000 - 0x00007fffd79ac000 	C:\WINDOWS\SYSTEM32\CRYPTBASE.dll
0x00007fffd74e0000 - 0x00007fffd751a000 	C:\WINDOWS\SYSTEM32\IPHLPAPI.DLL
0x00007fffd99a0000 - 0x00007fffd99a8000 	C:\WINDOWS\System32\NSI.dll
0x00007fffc3890000 - 0x00007fffc38a6000 	C:\WINDOWS\SYSTEM32\dhcpcsvc6.DLL
0x00007fffc3870000 - 0x00007fffc388c000 	C:\WINDOWS\SYSTEM32\dhcpcsvc.DLL
0x00007fffd7520000 - 0x00007fffd75eb000 	C:\WINDOWS\SYSTEM32\DNSAPI.dll
0x00007fffbdbf0000 - 0x00007fffbdbfa000 	C:\Users\franc\AppData\Local\Temp\jansi-64-1-5940887355720511467.11
0x00007fffcd920000 - 0x00007fffcd92d000 	C:\Users\franc\.jdks\corretto-1.8.0_252\jre\bin\management.dll
0x00007fff88670000 - 0x00007fff88686000 	C:\WINDOWS\system32\napinsp.dll
0x00007fff88650000 - 0x00007fff8866a000 	C:\WINDOWS\system32\pnrpnsp.dll
0x00007fff88640000 - 0x00007fff8864e000 	C:\WINDOWS\System32\winrnr.dll
0x00007fffd0090000 - 0x00007fffd00ac000 	C:\WINDOWS\system32\NLAapi.dll
0x00007fffced40000 - 0x00007fffced55000 	C:\WINDOWS\system32\wshbth.dll
0x00007fffbed10000 - 0x00007fffbed1a000 	C:\Windows\System32\rasadhlp.dll
0x00007fffc35a0000 - 0x00007fffc3617000 	C:\WINDOWS\System32\fwpuclnt.dll
0x00007fff9e790000 - 0x00007fff9e7d2000 	C:\Users\franc\AppData\Local\Temp\jna-97692042\jna5409306875754575505.dll
0x00007fff9dca0000 - 0x00007fff9dcc4000 	C:\Users\franc\.jdks\corretto-1.8.0_252\jre\bin\sunec.dll
0x00007fffbafe0000 - 0x00007fffbafec000 	C:\Users\franc\.jdks\corretto-1.8.0_252\jre\bin\sunmscapi.dll
0x00007fffd8ae0000 - 0x00007fffd8c29000 	C:\WINDOWS\System32\CRYPT32.dll
0x00007fffd7f70000 - 0x00007fffd7f82000 	C:\WINDOWS\System32\MSASN1.dll
0x00007fffd7aa0000 - 0x00007fffd7ac6000 	C:\WINDOWS\SYSTEM32\ncrypt.dll
0x00007fffd7a60000 - 0x00007fffd7a9b000 	C:\WINDOWS\SYSTEM32\NTASN1.dll
0x000000006fd00000 - 0x000000006fd07000 	C:\Users\franc\.sbt\1.0\swoval-jni\5767466156386313441-swoval-files0.dll

VM Arguments:
jvm_args: -Xmx1536M -Dsbt.supershell=false -Didea.managed=true -Dfile.encoding=UTF-8 -Dsbt.version=1.3.8 -Dsbt.log.noformat=true 
java_command: C:\Users\franc\AppData\Roaming\JetBrains\IdeaIC2020.1\plugins\Scala\launcher\sbt-launch.jar early(addPluginSbtFile="""C:\Users\franc\AppData\Local\Temp\idea.sbt""") ; set ideaPort in Global := 63451 ; idea-shell
java_class_path (initial): C:\Users\franc\AppData\Roaming\JetBrains\IdeaIC2020.1\plugins\Scala\launcher\sbt-launch.jar
Launcher Type: SUN_STANDARD

Environment Variables:
PATH=C:\Program Files\AdoptOpenJDK\jdk-11.0.2+9\bin;C:\Program Files (x86)\Common Files\Oracle\Java\javapath;C:\Program Files\Microsoft MPI\Bin\;C:\Program Files (x86)\Intel\Intel(R) Management Engine Components\iCLS\;C:\Program Files\Intel\Intel(R) Management Engine Components\iCLS\;C:\WINDOWS\system32;C:\WINDOWS;C:\WINDOWS\System32\Wbem;C:\WINDOWS\System32\WindowsPowerShell\v1.0\;C:\WINDOWS\System32\OpenSSH\;C:\Program Files (x86)\Intel\Intel(R) Management Engine Components\DAL;C:\Program Files\Intel\Intel(R) Management Engine Components\DAL;C:\Program Files (x86)\Intel\Intel(R) Management Engine Components\IPT;C:\Program Files\Intel\Intel(R) Management Engine Components\IPT;C:\Program Files\Microsoft SQL Server\130\Tools\Binn\;C:\Program Files\PuTTY\;C:\ProgramData\chocolatey\bin;C:\Program Files\Git\cmd;"C:\Users\franc\OneDrive\Documents\AutomatedPythonScripts;";C:\Program Files\Intel\WiFi\bin\;C:\Program Files\Common Files\Intel\WirelessCommon\;C:\Program Files\dotnet\;C:\Program Files\nodejs\;C:\Users\franc\AppData\Local\Programs\Python\Python36\Scripts\;C:\Users\franc\AppData\Local\Programs\Python\Python36\;c:\python27;C:\Program Files (x86)\sbt\bin;C:\Users\franc\AppData\Local\Programs\Python\Python36\Scripts\;C:\Users\franc\AppData\Local\Programs\Python\Python36\;C:\Users\franc\AppData\Local\Programs\Microsoft VS Code\bin
USERNAME=franc
OS=Windows_NT
PROCESSOR_IDENTIFIER=Intel64 Family 6 Model 142 Stepping 10, GenuineIntel



---------------  S Y S T E M  ---------------

OS: Windows 10.0 , 64 bit Build 18362 (10.0.18362.900)

CPU:total 8 (initial active 8) (4 cores per cpu, 2 threads per core) family 6 model 142 stepping 10, cmov, cx8, fxsr, mmx, sse, sse2, sse3, ssse3, sse4.1, sse4.2, popcnt, avx, avx2, aes, clmul, erms, 3dnowpref, lzcnt, ht, tsc, tscinvbit, bmi1, bmi2, adx

Memory: 4k page, physical 12413092k(1795908k free), swap 12413092k(5712k free)

vm_info: OpenJDK 64-Bit Server VM (25.252-b09) for windows-amd64 JRE (1.8.0_252-b09), built on Apr 17 2020 18:10:37 by "Administrator" with MS VC++ 10.0 (VS2010)

time: Sun Jul 05 02:35:42 2020
timezone: US Mountain Standard Time
elapsed time: 7 seconds (0d 0h 0m 7s)

